Base path: 'C:/Program Files/Unity/Hub/Editor/2019.4.21f1c1/Editor/Data', plugins path 'C:/Program Files/Unity/Hub/Editor/2019.4.21f1c1/Editor/Data/PlaybackEngines'
Cmd: initializeCompiler
Cmd: preprocess
  insize=5304 outsize=687 ok=1
Cmd: preprocess
  insize=5387 outsize=687 ok=1
Cmd: preprocess
  insize=5485 outsize=687 ok=1
Cmd: preprocess
  insize=5448 outsize=686 ok=1
Cmd: preprocess
  insize=5329 outsize=687 ok=1
Cmd: preprocess
  insize=5331 outsize=687 ok=1
Cmd: preprocess
  insize=5466 outsize=687 ok=1
Cmd: preprocess
  insize=5543 outsize=686 ok=1
Cmd: preprocess
  insize=5558 outsize=687 ok=1
Cmd: preprocess
  insize=5560 outsize=687 ok=1
Cmd: preprocess
  insize=5566 outsize=685 ok=1
Cmd: preprocess
  insize=5558 outsize=687 ok=1
Cmd: preprocess
  insize=5565 outsize=687 ok=1

Quitting shader compiler process
